e:\mygit\freedomfighter-2dgame-sdl2.0\code_windows_visualstudio2017\freedomfighter\freedomfighter\x64\release\vc141.pdb
e:\mygit\freedomfighter-2dgame-sdl2.0\code_windows_visualstudio2017\freedomfighter\freedomfighter\x64\release\player_homing_missile.obj
e:\mygit\freedomfighter-2dgame-sdl2.0\code_windows_visualstudio2017\freedomfighter\freedomfighter\x64\release\player_bullet.obj
e:\mygit\freedomfighter-2dgame-sdl2.0\code_windows_visualstudio2017\freedomfighter\freedomfighter\x64\release\player.obj
e:\mygit\freedomfighter-2dgame-sdl2.0\code_windows_visualstudio2017\freedomfighter\freedomfighter\x64\release\ltexture.obj
e:\mygit\freedomfighter-2dgame-sdl2.0\code_windows_visualstudio2017\freedomfighter\freedomfighter\x64\release\health_up.obj
e:\mygit\freedomfighter-2dgame-sdl2.0\code_windows_visualstudio2017\freedomfighter\freedomfighter\x64\release\game_splash_screen.obj
e:\mygit\freedomfighter-2dgame-sdl2.0\code_windows_visualstudio2017\freedomfighter\freedomfighter\x64\release\game_play.obj
e:\mygit\freedomfighter-2dgame-sdl2.0\code_windows_visualstudio2017\freedomfighter\freedomfighter\x64\release\game_menu.obj
e:\mygit\freedomfighter-2dgame-sdl2.0\code_windows_visualstudio2017\freedomfighter\freedomfighter\x64\release\freedomfighter.obj
e:\mygit\freedomfighter-2dgame-sdl2.0\code_windows_visualstudio2017\freedomfighter\freedomfighter\x64\release\file_io.obj
e:\mygit\freedomfighter-2dgame-sdl2.0\code_windows_visualstudio2017\freedomfighter\freedomfighter\x64\release\explosion.obj
e:\mygit\freedomfighter-2dgame-sdl2.0\code_windows_visualstudio2017\freedomfighter\freedomfighter\x64\release\enemy_medium.obj
e:\mygit\freedomfighter-2dgame-sdl2.0\code_windows_visualstudio2017\freedomfighter\freedomfighter\x64\release\enemy_hard.obj
e:\mygit\freedomfighter-2dgame-sdl2.0\code_windows_visualstudio2017\freedomfighter\freedomfighter\x64\release\enemy_easy.obj
e:\mygit\freedomfighter-2dgame-sdl2.0\code_windows_visualstudio2017\freedomfighter\freedomfighter\x64\release\enemy_bullet.obj
e:\mygit\freedomfighter-2dgame-sdl2.0\code_windows_visualstudio2017\freedomfighter\freedomfighter\x64\release\character.obj
e:\mygit\freedomfighter-2dgame-sdl2.0\code_windows_visualstudio2017\freedomfighter\freedomfighter\x64\release\button.obj
e:\mygit\freedomfighter-2dgame-sdl2.0\code_windows_visualstudio2017\freedomfighter\freedomfighter\x64\release\boss_weapon.obj
e:\mygit\freedomfighter-2dgame-sdl2.0\code_windows_visualstudio2017\freedomfighter\freedomfighter\x64\release\boss.obj
e:\mygit\freedomfighter-2dgame-sdl2.0\code_windows_visualstudio2017\freedomfighter\freedomfighter\x64\release\background.obj
e:\mygit\freedomfighter-2dgame-sdl2.0\code_windows_visualstudio2017\freedomfighter\freedomfighter\x64\release\word.obj
e:\mygit\freedomfighter-2dgame-sdl2.0\code_windows_visualstudio2017\freedomfighter\freedomfighter\x64\release\unit.obj
e:\mygit\freedomfighter-2dgame-sdl2.0\code_windows_visualstudio2017\freedomfighter\freedomfighter\x64\release\turret_straight_missile.obj
e:\mygit\freedomfighter-2dgame-sdl2.0\code_windows_visualstudio2017\freedomfighter\freedomfighter\x64\release\turret_homing_missile.obj
e:\mygit\freedomfighter-2dgame-sdl2.0\code_windows_visualstudio2017\freedomfighter\freedomfighter\x64\release\turret_hard.obj
e:\mygit\freedomfighter-2dgame-sdl2.0\code_windows_visualstudio2017\freedomfighter\freedomfighter\x64\release\turret.obj
e:\mygit\freedomfighter-2dgame-sdl2.0\code_windows_visualstudio2017\freedomfighter\freedomfighter\x64\release\splash_screen.obj
e:\mygit\freedomfighter-2dgame-sdl2.0\code_windows_visualstudio2017\freedomfighter\freedomfighter\x64\release\screens.obj
e:\mygit\freedomfighter-2dgame-sdl2.0\code_windows_visualstudio2017\freedomfighter\freedomfighter\x64\release\queue.obj
e:\mygit\freedomfighter-2dgame-sdl2.0\code_windows_visualstudio2017\freedomfighter\freedomfighter\x64\release\power_up_straight_missile.obj
e:\mygit\freedomfighter-2dgame-sdl2.0\code_windows_visualstudio2017\freedomfighter\freedomfighter\x64\release\power_up_homing_missile.obj
e:\mygit\freedomfighter-2dgame-sdl2.0\code_windows_visualstudio2017\freedomfighter\freedomfighter\x64\release\player_straight_missile.obj
e:\mygit\freedomfighter-2dgame-sdl2.0\code_windows_visualstudio2017\freedomfighter\x64\release\freedomfighter.ipdb
e:\mygit\freedomfighter-2dgame-sdl2.0\code_windows_visualstudio2017\freedomfighter\x64\release\freedomfighter.iobj
e:\mygit\freedomfighter-2dgame-sdl2.0\code_windows_visualstudio2017\freedomfighter\x64\release\freedomfighter.exe
e:\mygit\freedomfighter-2dgame-sdl2.0\code_windows_visualstudio2017\freedomfighter\x64\release\freedomfighter.pdb
e:\mygit\freedomfighter-2dgame-sdl2.0\code_windows_visualstudio2017\freedomfighter\freedomfighter\x64\release\freedomfighter.tlog\cl.command.1.tlog
e:\mygit\freedomfighter-2dgame-sdl2.0\code_windows_visualstudio2017\freedomfighter\freedomfighter\x64\release\freedomfighter.tlog\cl.read.1.tlog
e:\mygit\freedomfighter-2dgame-sdl2.0\code_windows_visualstudio2017\freedomfighter\freedomfighter\x64\release\freedomfighter.tlog\cl.write.1.tlog
e:\mygit\freedomfighter-2dgame-sdl2.0\code_windows_visualstudio2017\freedomfighter\freedomfighter\x64\release\freedomfighter.tlog\freedomfighter.write.1u.tlog
e:\mygit\freedomfighter-2dgame-sdl2.0\code_windows_visualstudio2017\freedomfighter\freedomfighter\x64\release\freedomfighter.tlog\link.command.1.tlog
e:\mygit\freedomfighter-2dgame-sdl2.0\code_windows_visualstudio2017\freedomfighter\freedomfighter\x64\release\freedomfighter.tlog\link.read.1.tlog
e:\mygit\freedomfighter-2dgame-sdl2.0\code_windows_visualstudio2017\freedomfighter\freedomfighter\x64\release\freedomfighter.tlog\link.write.1.tlog
