e:\mygit\freedomfighter-2dgame-sdl2.0\code_windows_visualstudio2017\freedomfighter\freedomfighter\debug\vc141.pdb
e:\mygit\freedomfighter-2dgame-sdl2.0\code_windows_visualstudio2017\freedomfighter\freedomfighter\debug\vc141.idb
e:\mygit\freedomfighter-2dgame-sdl2.0\code_windows_visualstudio2017\freedomfighter\freedomfighter\debug\player_homing_missile.obj
e:\mygit\freedomfighter-2dgame-sdl2.0\code_windows_visualstudio2017\freedomfighter\freedomfighter\debug\player_bullet.obj
e:\mygit\freedomfighter-2dgame-sdl2.0\code_windows_visualstudio2017\freedomfighter\freedomfighter\debug\player.obj
e:\mygit\freedomfighter-2dgame-sdl2.0\code_windows_visualstudio2017\freedomfighter\freedomfighter\debug\ltexture.obj
e:\mygit\freedomfighter-2dgame-sdl2.0\code_windows_visualstudio2017\freedomfighter\freedomfighter\debug\health_up.obj
e:\mygit\freedomfighter-2dgame-sdl2.0\code_windows_visualstudio2017\freedomfighter\freedomfighter\debug\game_splash_screen.obj
e:\mygit\freedomfighter-2dgame-sdl2.0\code_windows_visualstudio2017\freedomfighter\freedomfighter\debug\game_play.obj
e:\mygit\freedomfighter-2dgame-sdl2.0\code_windows_visualstudio2017\freedomfighter\freedomfighter\debug\game_menu.obj
e:\mygit\freedomfighter-2dgame-sdl2.0\code_windows_visualstudio2017\freedomfighter\freedomfighter\debug\freedomfighter.obj
e:\mygit\freedomfighter-2dgame-sdl2.0\code_windows_visualstudio2017\freedomfighter\freedomfighter\debug\file_io.obj
e:\mygit\freedomfighter-2dgame-sdl2.0\code_windows_visualstudio2017\freedomfighter\freedomfighter\debug\explosion.obj
e:\mygit\freedomfighter-2dgame-sdl2.0\code_windows_visualstudio2017\freedomfighter\freedomfighter\debug\enemy_medium.obj
e:\mygit\freedomfighter-2dgame-sdl2.0\code_windows_visualstudio2017\freedomfighter\freedomfighter\debug\enemy_hard.obj
e:\mygit\freedomfighter-2dgame-sdl2.0\code_windows_visualstudio2017\freedomfighter\freedomfighter\debug\enemy_easy.obj
e:\mygit\freedomfighter-2dgame-sdl2.0\code_windows_visualstudio2017\freedomfighter\freedomfighter\debug\enemy_bullet.obj
e:\mygit\freedomfighter-2dgame-sdl2.0\code_windows_visualstudio2017\freedomfighter\freedomfighter\debug\character.obj
e:\mygit\freedomfighter-2dgame-sdl2.0\code_windows_visualstudio2017\freedomfighter\freedomfighter\debug\button.obj
e:\mygit\freedomfighter-2dgame-sdl2.0\code_windows_visualstudio2017\freedomfighter\freedomfighter\debug\boss_weapon.obj
e:\mygit\freedomfighter-2dgame-sdl2.0\code_windows_visualstudio2017\freedomfighter\freedomfighter\debug\boss.obj
e:\mygit\freedomfighter-2dgame-sdl2.0\code_windows_visualstudio2017\freedomfighter\freedomfighter\debug\background.obj
e:\mygit\freedomfighter-2dgame-sdl2.0\code_windows_visualstudio2017\freedomfighter\freedomfighter\debug\word.obj
e:\mygit\freedomfighter-2dgame-sdl2.0\code_windows_visualstudio2017\freedomfighter\freedomfighter\debug\unit.obj
e:\mygit\freedomfighter-2dgame-sdl2.0\code_windows_visualstudio2017\freedomfighter\freedomfighter\debug\turret_straight_missile.obj
e:\mygit\freedomfighter-2dgame-sdl2.0\code_windows_visualstudio2017\freedomfighter\freedomfighter\debug\turret_homing_missile.obj
e:\mygit\freedomfighter-2dgame-sdl2.0\code_windows_visualstudio2017\freedomfighter\freedomfighter\debug\turret_hard.obj
e:\mygit\freedomfighter-2dgame-sdl2.0\code_windows_visualstudio2017\freedomfighter\freedomfighter\debug\turret.obj
e:\mygit\freedomfighter-2dgame-sdl2.0\code_windows_visualstudio2017\freedomfighter\freedomfighter\debug\splash_screen.obj
e:\mygit\freedomfighter-2dgame-sdl2.0\code_windows_visualstudio2017\freedomfighter\freedomfighter\debug\screens.obj
e:\mygit\freedomfighter-2dgame-sdl2.0\code_windows_visualstudio2017\freedomfighter\freedomfighter\debug\queue.obj
e:\mygit\freedomfighter-2dgame-sdl2.0\code_windows_visualstudio2017\freedomfighter\freedomfighter\debug\power_up_straight_missile.obj
e:\mygit\freedomfighter-2dgame-sdl2.0\code_windows_visualstudio2017\freedomfighter\freedomfighter\debug\power_up_homing_missile.obj
e:\mygit\freedomfighter-2dgame-sdl2.0\code_windows_visualstudio2017\freedomfighter\freedomfighter\debug\player_straight_missile.obj
e:\mygit\freedomfighter-2dgame-sdl2.0\code_windows_visualstudio2017\freedomfighter\freedomfighter\debug\freedomfighter.tlog\cl.command.1.tlog
e:\mygit\freedomfighter-2dgame-sdl2.0\code_windows_visualstudio2017\freedomfighter\freedomfighter\debug\freedomfighter.tlog\cl.read.1.tlog
e:\mygit\freedomfighter-2dgame-sdl2.0\code_windows_visualstudio2017\freedomfighter\freedomfighter\debug\freedomfighter.tlog\cl.write.1.tlog
e:\mygit\freedomfighter-2dgame-sdl2.0\code_windows_visualstudio2017\freedomfighter\freedomfighter\debug\freedomfighter.tlog\link.command.1.tlog
e:\mygit\freedomfighter-2dgame-sdl2.0\code_windows_visualstudio2017\freedomfighter\freedomfighter\debug\freedomfighter.tlog\link.read.1.tlog
e:\mygit\freedomfighter-2dgame-sdl2.0\code_windows_visualstudio2017\freedomfighter\freedomfighter\debug\freedomfighter.tlog\link.write.1.tlog
